[2m4:59:20 PM[22m [36m[1m[vite][22m[39m [90m[2m(client)[22m[39m Re-optimizing dependencies because vite config has changed

  [32m[1mVITE[22m v8.0.16[39m  [2mready in [0m[1m1273[22m[2m[0m ms[22m

  [32m➜[39m  [1mLocal[22m:   [36mhttp://127.0.0.1:[1m5173[22m/nourhene-portfolio/[39m
[2m[32m  ➜[39m[22m[2m  press [22m[1mh + enter[22m[2m to show help[22m
[2m4:59:21 PM[22m [36m[1m[vite][22m[39m [90m[2m(client)[22m[39m [optimizer] bundling dependencies...
[2m5:00:24 PM[22m [36m[1m[vite][22m[39m [90m[2m(client)[22m[39m [32mhmr update [39m[2m/src/components/Experience.jsx, /src/index.css[22m
[2m5:06:07 PM[22m [36m[1m[vite][22m[39m [90m[2m(client)[22m[39m [32mhmr update [39m[2m/src/index.css, /src/components/Experience.jsx[22m
[2m5:06:07 PM[22m [36m[1m[vite][22m[39m [90m[2m(client)[22m[39m [32mhmr update [39m[2m/src/components/Experience.jsx, /src/index.css[22m
[2m5:06:07 PM[22m [36m[1m[vite][22m[39m [90m[2m(client)[22m[39m [32mhmr update [39m[2m/src/index.css, /src/components/Experience.jsx[22m
[2m5:06:35 PM[22m [36m[1m[vite][22m[39m [90m[2m(client)[22m[39m [32mhmr update [39m[2m/src/components/Experience.jsx, /src/index.css[22m
[2m5:10:03 PM[22m [36m[1m[vite][22m[39m [90m[2m(client)[22m[39m [32mhmr update [39m[2m/src/App.jsx, /src/index.css[22m
[2m5:16:37 PM[22m [36m[1m[vite][22m[39m [90m[2m(client)[22m[39m [32mhmr update [39m[2m/src/components/Hero.jsx, /src/index.css[22m
[2m5:16:37 PM[22m [36m[1m[vite][22m[39m [90m[2m(client)[22m[39m [32mhmr update [39m[2m/src/components/Footer.jsx, /src/index.css[22m
[2m5:16:37 PM[22m [36m[1m[vite][22m[39m [90m[2m(client)[22m[39m [32mhmr update [39m[2m/src/components/Navbar.jsx, /src/index.css[22m
[2m5:16:37 PM[22m [36m[1m[vite][22m[39m [90m[2m(client)[22m[39m [32mhmr update [39m[2m/src/App.jsx, /src/index.css[22m
[2m5:16:49 PM[22m [36m[1m[vite][22m[39m [90m[2m(client)[22m[39m [32mhmr update [39m[2m/src/index.css, /src/context/LanguageContext.jsx[22m
[2m5:17:16 PM[22m [36m[1m[vite][22m[39m [90m[2m(client)[22m[39m [32mhmr update [39m[2m/src/index.css, /src/context/LanguageContext.jsx[22m
[2m5:17:51 PM[22m [36m[1m[vite][22m[39m [90m[2m(client)[22m[39m [32mhmr update [39m[2m/src/index.css, /src/context/LanguageContext.jsx[22m
[2m5:24:41 PM[22m [36m[1m[vite][22m[39m [90m[2m(client)[22m[39m [32mhmr update [39m[2m/src/App.jsx, /src/index.css[22m
[2m5:25:29 PM[22m [36m[1m[vite][22m[39m [90m[2m(client)[22m[39m [32mhmr update [39m[2m/src/components/Hero.jsx, /src/index.css[22m
[2m5:25:29 PM[22m [36m[1m[vite][22m[39m [90m[2m(client)[22m[39m [32mhmr update [39m[2m/src/components/Footer.jsx, /src/index.css[22m
[2m5:50:39 PM[22m [36m[1m[vite][22m[39m [32m.env changed, restarting server...[39m
[2m5:50:39 PM[22m [36m[1m[vite][22m[39m [90m[2m(client)[22m[39m Re-optimizing dependencies because vite config has changed
[2m5:50:40 PM[22m [36m[1m[vite][22m[39m server restarted.
[2m5:50:41 PM[22m [36m[1m[vite][22m[39m [90m[2m(client)[22m[39m [optimizer] bundling dependencies...
[2m5:51:06 PM[22m [36m[1m[vite][22m[39m [32m.env changed, restarting server...[39m
[2m5:51:06 PM[22m [36m[1m[vite][22m[39m [32m.env changed, restarting server...[39m
[2m5:51:06 PM[22m [36m[1m[vite][22m[39m [90m[2m(client)[22m[39m Re-optimizing dependencies because vite config has changed
[2m5:51:06 PM[22m [36m[1m[vite][22m[39m [32m.env changed, restarting server...[39m
[2m5:51:06 PM[22m [36m[1m[vite][22m[39m server restarted.
[31m(!) Failed to run dependency scan. Skipping dependency pre-bundling. Error: [31m  Failed to scan for dependencies from entries:
  C:/full_stack projects/nourhene-portfolio/index.html

  [31mBuild failed with 1 error:

[plugin vite:dep-scan:resolve]
Error: The server is being restarted or closed. Request is outdated
    at throwClosedServerError (file:///C:/full_stack%20projects/nourhene-portfolio/node_modules/vite/dist/node/chunks/node.js:30141:30)
    at EnvironmentPluginContainer.resolveId (file:///C:/full_stack%20projects/nourhene-portfolio/node_modules/vite/dist/node/chunks/node.js:30276:65)
    at async resolve (file:///C:/full_stack%20projects/nourhene-portfolio/node_modules/vite/dist/node/chunks/node.js:30995:16)
    at async PluginContextImpl.resolveId (file:///C:/full_stack%20projects/nourhene-portfolio/node_modules/vite/dist/node/chunks/node.js:31117:23)
    at async plugin (file:///C:/full_stack%20projects/nourhene-portfolio/node_modules/rolldown/dist/shared/bindingify-input-options-ClrST5Xx.mjs:1092:16)
    at async plugin.<computed> (file:///C:/full_stack%20projects/nourhene-portfolio/node_modules/rolldown/dist/shared/bindingify-input-options-ClrST5Xx.mjs:1625:12)
    at aggregateBindingErrorsIntoJsError (file:///C:/full_stack%20projects/nourhene-portfolio/node_modules/rolldown/dist/shared/error-BuvQYXuZ.mjs:48:18)
    at unwrapBindingResult (file:///C:/full_stack%20projects/nourhene-portfolio/node_modules/rolldown/dist/shared/error-BuvQYXuZ.mjs:18:128)
    at scan (file:///C:/full_stack%20projects/nourhene-portfolio/node_modules/rolldown/dist/experimental-index.mjs:181:3)
    at async Object.build (file:///C:/full_stack%20projects/nourhene-portfolio/node_modules/vite/dist/node/chunks/node.js:30943:3)
    at async scan (file:///C:/full_stack%20projects/nourhene-portfolio/node_modules/vite/dist/node/chunks/node.js:30887:4)
    at async file:///C:/full_stack%20projects/nourhene-portfolio/node_modules/vite/dist/node/chunks/node.js:23353:15[39m
[2m5:51:06 PM[22m [36m[1m[vite][22m[39m server restarted.

  [32m➜[39m  [1mLocal[22m:   [36mhttp://127.0.0.1:[1m5173[22m/nourhene-portfolio/[39m
[2m5:51:08 PM[22m [36m[1m[vite][22m[39m [90m[2m(client)[22m[39m [optimizer] bundling dependencies...
[2m6:08:05 PM[22m [36m[1m[vite][22m[39m [90m[2m(client)[22m[39m [optimizer] bundling dependencies...
[2m6:08:07 PM[22m [36m[1m[vite][22m[39m [90m[2m(client)[22m[39m [32m✨ new dependencies optimized: [33mreact-toastify[32m[39m
[2m6:08:07 PM[22m [36m[1m[vite][22m[39m [90m[2m(client)[22m[39m [32m✨ optimized dependencies changed. reloading[39m
[2m6:16:11 PM[22m [36m[1m[vite][22m[39m [90m[2m(client)[22m[39m [32mhmr update [39m[2m/src/index.css, /src/components/Projects.jsx[22m
[2m6:16:11 PM[22m [36m[1m[vite][22m[39m [90m[2m(client)[22m[39m [32mhmr update [39m[2m/src/index.css, /src/components/ProjectCard.jsx[22m
[2m6:19:00 PM[22m [36m[1m[vite][22m[39m [90m[2m(client)[22m[39m [32mpage reload [39m[2mindex.html[22m
[2m6:20:33 PM[22m [36m[1m[vite][22m[39m [90m[2m(client)[22m[39m [32mpage reload [39m[2mindex.html[22m
[2m6:20:41 PM[22m [36m[1m[vite][22m[39m [90m[2m(client)[22m[39m [32mpage reload [39m[2mindex.html[22m
[2m6:20:43 PM[22m [36m[1m[vite][22m[39m [90m[2m(client)[22m[39m [32mpage reload [39m[2mindex.html[22m
[2m6:20:43 PM[22m [36m[1m[vite][22m[39m [90m[2m(client)[22m[39m [32mpage reload [39m[2mindex.html[22m
[2m6:20:43 PM[22m [36m[1m[vite][22m[39m [90m[2m(client)[22m[39m [32mpage reload [39m[2mindex.html[22m
[2m6:20:49 PM[22m [36m[1m[vite][22m[39m [90m[2m(client)[22m[39m [32mpage reload [39m[2mindex.html[22m
[2m6:22:08 PM[22m [36m[1m[vite][22m[39m [90m[2m(client)[22m[39m [32mpage reload [39m[2mindex.html[22m
[2m6:23:30 PM[22m [36m[1m[vite][22m[39m [90m[2m(client)[22m[39m [32mpage reload [39m[2mindex.html[22m
